2026-02-13 10:15:40.581 | INFO     | __main__:main:32 - CSV 파일을 성공적으로 불러왔습니다.
2026-02-13 10:15:40.593 | ERROR    | __main__:<module>:185 - An error has been caught in function '<module>', process 'MainProcess' (29368), thread 'MainThread' (24324):
Traceback (most recent call last):

  File "C:\webscraping_gemini\.venv\Lib\site-packages\pandas\compat\_optional.py", line 158, in import_optional_dependency
    module = importlib.import_module(name)
             │         │             └ 'tabulate'
             │         └ <function import_module at 0x00000226406F6520>
             └ <module 'importlib' from 'C:\\Users\\hyon\\anaconda3\\Lib\\importlib\\__init__.py'>
  File "C:\Users\hyon\anaconda3\Lib\importlib\__init__.py", line 88, in import_module
    return _bootstrap._gcd_import(name[level:], package, level)
           │          │           │    │        │        └ 0
           │          │           │    │        └ None
           │          │           │    └ 0
           │          │           └ 'tabulate'
           │          └ <function _gcd_import at 0x0000022629EE04A0>
           └ <module '_frozen_importlib' (frozen)>
  File "<frozen importlib._bootstrap>", line 1387, in _gcd_import
  File "<frozen importlib._bootstrap>", line 1360, in _find_and_load
  File "<frozen importlib._bootstrap>", line 1324, in _find_and_load_unlocked

ModuleNotFoundError: No module named 'tabulate'


The above exception was the direct cause of the following exception:


Traceback (most recent call last):

> File "C:\webscraping_gemini\yes24\eda_script.py", line 185, in <module>
    main()
    └ <function main at 0x00000226452FE520>

  File "C:\webscraping_gemini\yes24\eda_script.py", line 51, in main
    df_describe_str = df.describe().to_markdown()
                      │  └ <function NDFrame.describe at 0x00000226439FBCE0>
                      └                                                 Title                                       Book_URL      Author  ... Rating ...

  File "C:\webscraping_gemini\.venv\Lib\site-packages\pandas\core\frame.py", line 2983, in to_markdown
    tabulate = import_optional_dependency("tabulate")
               └ <function import_optional_dependency at 0x0000022643022700>
  File "C:\webscraping_gemini\.venv\Lib\site-packages\pandas\compat\_optional.py", line 161, in import_optional_dependency
    raise ImportError(msg) from err
                      └ '`Import tabulate` failed.  Use pip or conda to install the tabulate package.'

ImportError: `Import tabulate` failed.  Use pip or conda to install the tabulate package.
2026-02-13 10:17:01.242 | INFO     | __main__:main:32 - CSV 파일을 성공적으로 불러왔습니다.
2026-02-13 10:17:01.272 | ERROR    | __main__:<module>:185 - An error has been caught in function '<module>', process 'MainProcess' (7036), thread 'MainThread' (28292):
Traceback (most recent call last):

> File "C:\webscraping_gemini\yes24\eda_script.py", line 185, in <module>
    main()
    └ <function main at 0x000001C5E3EFE520>

  File "C:\webscraping_gemini\yes24\eda_script.py", line 55, in main
    koreanize_matplotlib.use_font()

NameError: name 'koreanize_matplotlib' is not defined
2026-02-13 10:23:06.525 | INFO     | __main__:main:32 - CSV 파일을 성공적으로 불러왔습니다.
2026-02-13 10:23:07.144 | INFO     | __main__:main:62 - 가격 분포 그래프를 C:/webscraping_gemini/yes24/data/price_distribution.png에 저장했습니다.
2026-02-13 10:23:07.264 | INFO     | __main__:main:73 - 출판사별 도서 수 그래프를 C:/webscraping_gemini/yes24/data/publisher_books.png에 저장했습니다.
2026-02-13 10:23:07.372 | INFO     | __main__:main:84 - 평점 분포 그래프를 C:/webscraping_gemini/yes24/data/rating_distribution.png에 저장했습니다.
2026-02-13 10:23:07.474 | INFO     | __main__:main:95 - 판매지수와 평점 관계 그래프를 C:/webscraping_gemini/yes24/data/sales_rating.png에 저장했습니다.
2026-02-13 10:23:07.717 | INFO     | __main__:main:112 - 태그 워드클라우드를 C:/webscraping_gemini/yes24/data/tags_wordcloud.png에 저장했습니다.
2026-02-13 10:23:07.719 | INFO     | __main__:main:174 - 마크다운 파일을 성공적으로 업데이트했습니다.
